[2025-09-24T08:36:27.860+0000] {manager.py:487} INFO - Processing files using up to 1 processes at a time 
[2025-09-24T08:36:27.860+0000] {manager.py:488} INFO - Process each file at most once every 30 seconds
[2025-09-24T08:36:27.860+0000] {manager.py:489} INFO - Checking for new files in /opt/airflow/dags every 300 seconds
[2025-09-24T08:36:27.860+0000] {manager.py:755} INFO - Searching for files in /opt/airflow/dags
[2025-09-24T08:36:27.861+0000] {manager.py:758} INFO - There are 1 files in /opt/airflow/dags
[2025-09-24T08:36:27.997+0000] {manager.py:887} INFO - 
================================================================================
DAG File Processing Stats

File Path                                         PID    Runtime      # DAGs    # Errors  Last Runtime    Last Run
------------------------------------------------  -----  ---------  --------  ----------  --------------  -------------------
/opt/airflow/dags/wine_quality_mlops_pipeline.py                           0           1  0.10s           2025-09-24T08:36:27
================================================================================
[2025-09-24T08:36:58.370+0000] {manager.py:887} INFO - 
================================================================================
DAG File Processing Stats

File Path                                         PID    Runtime      # DAGs    # Errors  Last Runtime    Last Run
------------------------------------------------  -----  ---------  --------  ----------  --------------  -------------------
/opt/airflow/dags/wine_quality_mlops_pipeline.py                           0           1  0.11s           2025-09-24T08:36:58
================================================================================
[2025-09-24T08:37:28.852+0000] {manager.py:887} INFO - 
================================================================================
DAG File Processing Stats

File Path                                         PID    Runtime      # DAGs    # Errors  Last Runtime    Last Run
------------------------------------------------  -----  ---------  --------  ----------  --------------  -------------------
/opt/airflow/dags/wine_quality_mlops_pipeline.py                           0           1  0.11s           2025-09-24T08:37:28
================================================================================
[2025-09-24T08:41:39.584+0000] {manager.py:487} INFO - Processing files using up to 1 processes at a time 
[2025-09-24T08:41:39.584+0000] {manager.py:488} INFO - Process each file at most once every 30 seconds
[2025-09-24T08:41:39.584+0000] {manager.py:489} INFO - Checking for new files in /opt/airflow/dags every 300 seconds
[2025-09-24T08:41:39.584+0000] {manager.py:755} INFO - Searching for files in /opt/airflow/dags
[2025-09-24T08:41:39.585+0000] {manager.py:758} INFO - There are 1 files in /opt/airflow/dags
[2025-09-24T08:41:39.718+0000] {manager.py:887} INFO - 
================================================================================
DAG File Processing Stats

File Path                                         PID    Runtime      # DAGs    # Errors  Last Runtime    Last Run
------------------------------------------------  -----  ---------  --------  ----------  --------------  -------------------
/opt/airflow/dags/wine_quality_mlops_pipeline.py                           0           1  0.10s           2025-09-24T08:41:39
================================================================================
[2025-09-24T08:42:10.189+0000] {manager.py:887} INFO - 
================================================================================
DAG File Processing Stats

File Path                                         PID    Runtime      # DAGs    # Errors  Last Runtime    Last Run
------------------------------------------------  -----  ---------  --------  ----------  --------------  -------------------
/opt/airflow/dags/wine_quality_mlops_pipeline.py                           0           1  0.11s           2025-09-24T08:42:10
================================================================================
[2025-09-24T08:42:40.680+0000] {manager.py:887} INFO - 
================================================================================
DAG File Processing Stats

File Path                                         PID    Runtime      # DAGs    # Errors  Last Runtime    Last Run
------------------------------------------------  -----  ---------  --------  ----------  --------------  -------------------
/opt/airflow/dags/wine_quality_mlops_pipeline.py                           0           1  0.11s           2025-09-24T08:42:40
================================================================================
[2025-09-24T08:43:11.023+0000] {manager.py:887} INFO - 
================================================================================
DAG File Processing Stats

File Path                                         PID    Runtime      # DAGs    # Errors  Last Runtime    Last Run
------------------------------------------------  -----  ---------  --------  ----------  --------------  -------------------
/opt/airflow/dags/wine_quality_mlops_pipeline.py                           0           1  0.11s           2025-09-24T08:43:11
================================================================================
[2025-09-24T08:43:41.536+0000] {manager.py:887} INFO - 
================================================================================
DAG File Processing Stats

File Path                                         PID    Runtime      # DAGs    # Errors  Last Runtime    Last Run
------------------------------------------------  -----  ---------  --------  ----------  --------------  -------------------
/opt/airflow/dags/wine_quality_mlops_pipeline.py                           0           1  0.11s           2025-09-24T08:43:41
================================================================================
[2025-09-24T08:44:12.044+0000] {manager.py:887} INFO - 
================================================================================
DAG File Processing Stats

File Path                                         PID    Runtime      # DAGs    # Errors  Last Runtime    Last Run
------------------------------------------------  -----  ---------  --------  ----------  --------------  -------------------
/opt/airflow/dags/wine_quality_mlops_pipeline.py                           0           1  0.11s           2025-09-24T08:44:12
================================================================================
[2025-09-24T08:44:42.456+0000] {manager.py:887} INFO - 
================================================================================
DAG File Processing Stats

File Path                                         PID    Runtime      # DAGs    # Errors  Last Runtime    Last Run
------------------------------------------------  -----  ---------  --------  ----------  --------------  -------------------
/opt/airflow/dags/wine_quality_mlops_pipeline.py                           0           1  0.10s           2025-09-24T08:44:42
================================================================================
[2025-09-24T08:45:12.596+0000] {manager.py:887} INFO - 
================================================================================
DAG File Processing Stats

File Path                                         PID    Runtime      # DAGs    # Errors  Last Runtime    Last Run
------------------------------------------------  -----  ---------  --------  ----------  --------------  -------------------
/opt/airflow/dags/wine_quality_mlops_pipeline.py                           0           1  0.11s           2025-09-24T08:45:12
================================================================================
[2025-09-24T08:45:50.774+0000] {manager.py:487} INFO - Processing files using up to 1 processes at a time 
[2025-09-24T08:45:50.775+0000] {manager.py:488} INFO - Process each file at most once every 30 seconds
[2025-09-24T08:45:50.775+0000] {manager.py:489} INFO - Checking for new files in /opt/airflow/dags every 300 seconds
[2025-09-24T08:45:50.775+0000] {manager.py:755} INFO - Searching for files in /opt/airflow/dags
[2025-09-24T08:45:50.776+0000] {manager.py:758} INFO - There are 1 files in /opt/airflow/dags
[2025-09-24T08:45:50.911+0000] {manager.py:887} INFO - 
================================================================================
DAG File Processing Stats

File Path                                         PID    Runtime      # DAGs    # Errors  Last Runtime    Last Run
------------------------------------------------  -----  ---------  --------  ----------  --------------  -------------------
/opt/airflow/dags/wine_quality_mlops_pipeline.py                           0           1  0.10s           2025-09-24T08:45:50
================================================================================
[2025-09-24T08:46:21.531+0000] {manager.py:887} INFO - 
================================================================================
DAG File Processing Stats

File Path                                         PID    Runtime      # DAGs    # Errors  Last Runtime    Last Run
------------------------------------------------  -----  ---------  --------  ----------  --------------  -------------------
/opt/airflow/dags/wine_quality_mlops_pipeline.py                           0           1  0.11s           2025-09-24T08:46:21
================================================================================
[2025-09-24T08:46:52.101+0000] {manager.py:887} INFO - 
================================================================================
DAG File Processing Stats

File Path                                         PID    Runtime      # DAGs    # Errors  Last Runtime    Last Run
------------------------------------------------  -----  ---------  --------  ----------  --------------  -------------------
/opt/airflow/dags/wine_quality_mlops_pipeline.py                           0           1  0.11s           2025-09-24T08:46:52
================================================================================
[2025-09-24T08:47:22.225+0000] {manager.py:887} INFO - 
================================================================================
DAG File Processing Stats

File Path                                         PID    Runtime      # DAGs    # Errors  Last Runtime    Last Run
------------------------------------------------  -----  ---------  --------  ----------  --------------  -------------------
/opt/airflow/dags/wine_quality_mlops_pipeline.py                           0           1  0.10s           2025-09-24T08:47:22
================================================================================
[2025-09-24T08:47:52.366+0000] {manager.py:887} INFO - 
================================================================================
DAG File Processing Stats

File Path                                         PID    Runtime      # DAGs    # Errors  Last Runtime    Last Run
------------------------------------------------  -----  ---------  --------  ----------  --------------  -------------------
/opt/airflow/dags/wine_quality_mlops_pipeline.py                           0           1  0.10s           2025-09-24T08:47:52
================================================================================
[2025-09-24T08:48:22.501+0000] {manager.py:887} INFO - 
================================================================================
DAG File Processing Stats

File Path                                         PID    Runtime      # DAGs    # Errors  Last Runtime    Last Run
------------------------------------------------  -----  ---------  --------  ----------  --------------  -------------------
/opt/airflow/dags/wine_quality_mlops_pipeline.py                           0           1  0.11s           2025-09-24T08:48:22
================================================================================
[2025-09-24T08:48:52.637+0000] {manager.py:887} INFO - 
================================================================================
DAG File Processing Stats

File Path                                         PID    Runtime      # DAGs    # Errors  Last Runtime    Last Run
------------------------------------------------  -----  ---------  --------  ----------  --------------  -------------------
/opt/airflow/dags/wine_quality_mlops_pipeline.py                           0           1  0.11s           2025-09-24T08:48:52
================================================================================
[2025-09-24T08:49:22.805+0000] {manager.py:887} INFO - 
================================================================================
DAG File Processing Stats

File Path                                         PID    Runtime      # DAGs    # Errors  Last Runtime    Last Run
------------------------------------------------  -----  ---------  --------  ----------  --------------  -------------------
/opt/airflow/dags/wine_quality_mlops_pipeline.py                           0           1  0.11s           2025-09-24T08:49:22
================================================================================
[2025-09-24T08:49:52.962+0000] {manager.py:887} INFO - 
================================================================================
DAG File Processing Stats

File Path                                         PID    Runtime      # DAGs    # Errors  Last Runtime    Last Run
------------------------------------------------  -----  ---------  --------  ----------  --------------  -------------------
/opt/airflow/dags/wine_quality_mlops_pipeline.py                           0           1  0.11s           2025-09-24T08:49:52
================================================================================
