[2025-09-24T08:36:27.900+0000] {processor.py:157} INFO - Started process (PID=85) to work on /opt/airflow/dags/wine_quality_mlops_pipeline.py
[2025-09-24T08:36:27.901+0000] {processor.py:829} INFO - Processing file /opt/airflow/dags/wine_quality_mlops_pipeline.py for tasks to queue
[2025-09-24T08:36:27.902+0000] {logging_mixin.py:154} INFO - [2025-09-24T08:36:27.901+0000] {dagbag.py:536} INFO - Filling up the DagBag from /opt/airflow/dags/wine_quality_mlops_pipeline.py
[2025-09-24T08:36:27.905+0000] {logging_mixin.py:154} INFO - [2025-09-24T08:36:27.904+0000] {dagbag.py:346} ERROR - Failed to import: /opt/airflow/dags/wine_quality_mlops_pipeline.py
Traceback (most recent call last):
  File "/home/airflow/.local/lib/python3.8/site-packages/airflow/models/dagbag.py", line 342, in parse
    loader.exec_module(new_module)
  File "<frozen importlib._bootstrap_external>", line 843, in exec_module
  File "<frozen importlib._bootstrap>", line 219, in _call_with_frames_removed
  File "/opt/airflow/dags/wine_quality_mlops_pipeline.py", line 8, in <module>
    from airflow.operators.docker import DockerOperator
ModuleNotFoundError: No module named 'airflow.operators.docker'
[2025-09-24T08:36:27.905+0000] {processor.py:841} WARNING - No viable dags retrieved from /opt/airflow/dags/wine_quality_mlops_pipeline.py
[2025-09-24T08:36:27.919+0000] {processor.py:179} INFO - Processing /opt/airflow/dags/wine_quality_mlops_pipeline.py took 0.022 seconds
[2025-09-24T08:36:58.273+0000] {processor.py:157} INFO - Started process (PID=106) to work on /opt/airflow/dags/wine_quality_mlops_pipeline.py
[2025-09-24T08:36:58.274+0000] {processor.py:829} INFO - Processing file /opt/airflow/dags/wine_quality_mlops_pipeline.py for tasks to queue
[2025-09-24T08:36:58.276+0000] {logging_mixin.py:154} INFO - [2025-09-24T08:36:58.275+0000] {dagbag.py:536} INFO - Filling up the DagBag from /opt/airflow/dags/wine_quality_mlops_pipeline.py
[2025-09-24T08:36:58.281+0000] {logging_mixin.py:154} INFO - [2025-09-24T08:36:58.279+0000] {dagbag.py:346} ERROR - Failed to import: /opt/airflow/dags/wine_quality_mlops_pipeline.py
Traceback (most recent call last):
  File "/home/airflow/.local/lib/python3.8/site-packages/airflow/models/dagbag.py", line 342, in parse
    loader.exec_module(new_module)
  File "<frozen importlib._bootstrap_external>", line 843, in exec_module
  File "<frozen importlib._bootstrap>", line 219, in _call_with_frames_removed
  File "/opt/airflow/dags/wine_quality_mlops_pipeline.py", line 8, in <module>
    from airflow.operators.docker import DockerOperator
ModuleNotFoundError: No module named 'airflow.operators.docker'
[2025-09-24T08:36:58.281+0000] {processor.py:841} WARNING - No viable dags retrieved from /opt/airflow/dags/wine_quality_mlops_pipeline.py
[2025-09-24T08:36:58.299+0000] {processor.py:179} INFO - Processing /opt/airflow/dags/wine_quality_mlops_pipeline.py took 0.030 seconds
[2025-09-24T08:37:28.766+0000] {processor.py:157} INFO - Started process (PID=107) to work on /opt/airflow/dags/wine_quality_mlops_pipeline.py
[2025-09-24T08:37:28.767+0000] {processor.py:829} INFO - Processing file /opt/airflow/dags/wine_quality_mlops_pipeline.py for tasks to queue
[2025-09-24T08:37:28.768+0000] {logging_mixin.py:154} INFO - [2025-09-24T08:37:28.768+0000] {dagbag.py:536} INFO - Filling up the DagBag from /opt/airflow/dags/wine_quality_mlops_pipeline.py
[2025-09-24T08:37:28.775+0000] {logging_mixin.py:154} INFO - [2025-09-24T08:37:28.773+0000] {dagbag.py:346} ERROR - Failed to import: /opt/airflow/dags/wine_quality_mlops_pipeline.py
Traceback (most recent call last):
  File "/home/airflow/.local/lib/python3.8/site-packages/airflow/models/dagbag.py", line 342, in parse
    loader.exec_module(new_module)
  File "<frozen importlib._bootstrap_external>", line 843, in exec_module
  File "<frozen importlib._bootstrap>", line 219, in _call_with_frames_removed
  File "/opt/airflow/dags/wine_quality_mlops_pipeline.py", line 8, in <module>
    from airflow.operators.docker import DockerOperator
ModuleNotFoundError: No module named 'airflow.operators.docker'
[2025-09-24T08:37:28.776+0000] {processor.py:841} WARNING - No viable dags retrieved from /opt/airflow/dags/wine_quality_mlops_pipeline.py
[2025-09-24T08:37:28.802+0000] {processor.py:179} INFO - Processing /opt/airflow/dags/wine_quality_mlops_pipeline.py took 0.045 seconds
[2025-09-24T08:41:39.619+0000] {processor.py:157} INFO - Started process (PID=86) to work on /opt/airflow/dags/wine_quality_mlops_pipeline.py
[2025-09-24T08:41:39.620+0000] {processor.py:829} INFO - Processing file /opt/airflow/dags/wine_quality_mlops_pipeline.py for tasks to queue
[2025-09-24T08:41:39.620+0000] {logging_mixin.py:154} INFO - [2025-09-24T08:41:39.620+0000] {dagbag.py:536} INFO - Filling up the DagBag from /opt/airflow/dags/wine_quality_mlops_pipeline.py
[2025-09-24T08:41:39.622+0000] {logging_mixin.py:154} INFO - [2025-09-24T08:41:39.622+0000] {dagbag.py:346} ERROR - Failed to import: /opt/airflow/dags/wine_quality_mlops_pipeline.py
Traceback (most recent call last):
  File "/home/airflow/.local/lib/python3.8/site-packages/airflow/models/dagbag.py", line 342, in parse
    loader.exec_module(new_module)
  File "<frozen importlib._bootstrap_external>", line 843, in exec_module
  File "<frozen importlib._bootstrap>", line 219, in _call_with_frames_removed
  File "/opt/airflow/dags/wine_quality_mlops_pipeline.py", line 8, in <module>
    from airflow.operators.docker import DockerOperator
ModuleNotFoundError: No module named 'airflow.operators.docker'
[2025-09-24T08:41:39.623+0000] {processor.py:841} WARNING - No viable dags retrieved from /opt/airflow/dags/wine_quality_mlops_pipeline.py
[2025-09-24T08:41:39.636+0000] {processor.py:179} INFO - Processing /opt/airflow/dags/wine_quality_mlops_pipeline.py took 0.018 seconds
[2025-09-24T08:42:10.097+0000] {processor.py:157} INFO - Started process (PID=105) to work on /opt/airflow/dags/wine_quality_mlops_pipeline.py
[2025-09-24T08:42:10.098+0000] {processor.py:829} INFO - Processing file /opt/airflow/dags/wine_quality_mlops_pipeline.py for tasks to queue
[2025-09-24T08:42:10.100+0000] {logging_mixin.py:154} INFO - [2025-09-24T08:42:10.099+0000] {dagbag.py:536} INFO - Filling up the DagBag from /opt/airflow/dags/wine_quality_mlops_pipeline.py
[2025-09-24T08:42:10.105+0000] {logging_mixin.py:154} INFO - [2025-09-24T08:42:10.104+0000] {dagbag.py:346} ERROR - Failed to import: /opt/airflow/dags/wine_quality_mlops_pipeline.py
Traceback (most recent call last):
  File "/home/airflow/.local/lib/python3.8/site-packages/airflow/models/dagbag.py", line 342, in parse
    loader.exec_module(new_module)
  File "<frozen importlib._bootstrap_external>", line 843, in exec_module
  File "<frozen importlib._bootstrap>", line 219, in _call_with_frames_removed
  File "/opt/airflow/dags/wine_quality_mlops_pipeline.py", line 8, in <module>
    from airflow.operators.docker import DockerOperator
ModuleNotFoundError: No module named 'airflow.operators.docker'
[2025-09-24T08:42:10.105+0000] {processor.py:841} WARNING - No viable dags retrieved from /opt/airflow/dags/wine_quality_mlops_pipeline.py
[2025-09-24T08:42:10.118+0000] {processor.py:179} INFO - Processing /opt/airflow/dags/wine_quality_mlops_pipeline.py took 0.028 seconds
[2025-09-24T08:42:40.595+0000] {processor.py:157} INFO - Started process (PID=106) to work on /opt/airflow/dags/wine_quality_mlops_pipeline.py
[2025-09-24T08:42:40.602+0000] {processor.py:829} INFO - Processing file /opt/airflow/dags/wine_quality_mlops_pipeline.py for tasks to queue
[2025-09-24T08:42:40.607+0000] {logging_mixin.py:154} INFO - [2025-09-24T08:42:40.605+0000] {dagbag.py:536} INFO - Filling up the DagBag from /opt/airflow/dags/wine_quality_mlops_pipeline.py
[2025-09-24T08:42:40.618+0000] {logging_mixin.py:154} INFO - [2025-09-24T08:42:40.615+0000] {dagbag.py:346} ERROR - Failed to import: /opt/airflow/dags/wine_quality_mlops_pipeline.py
Traceback (most recent call last):
  File "/home/airflow/.local/lib/python3.8/site-packages/airflow/models/dagbag.py", line 342, in parse
    loader.exec_module(new_module)
  File "<frozen importlib._bootstrap_external>", line 843, in exec_module
  File "<frozen importlib._bootstrap>", line 219, in _call_with_frames_removed
  File "/opt/airflow/dags/wine_quality_mlops_pipeline.py", line 8, in <module>
    from airflow.operators.docker import DockerOperator
ModuleNotFoundError: No module named 'airflow.operators.docker'
[2025-09-24T08:42:40.619+0000] {processor.py:841} WARNING - No viable dags retrieved from /opt/airflow/dags/wine_quality_mlops_pipeline.py
[2025-09-24T08:42:40.639+0000] {processor.py:179} INFO - Processing /opt/airflow/dags/wine_quality_mlops_pipeline.py took 0.055 seconds
[2025-09-24T08:43:10.927+0000] {processor.py:157} INFO - Started process (PID=107) to work on /opt/airflow/dags/wine_quality_mlops_pipeline.py
[2025-09-24T08:43:10.928+0000] {processor.py:829} INFO - Processing file /opt/airflow/dags/wine_quality_mlops_pipeline.py for tasks to queue
[2025-09-24T08:43:10.929+0000] {logging_mixin.py:154} INFO - [2025-09-24T08:43:10.928+0000] {dagbag.py:536} INFO - Filling up the DagBag from /opt/airflow/dags/wine_quality_mlops_pipeline.py
[2025-09-24T08:43:10.931+0000] {logging_mixin.py:154} INFO - [2025-09-24T08:43:10.930+0000] {dagbag.py:346} ERROR - Failed to import: /opt/airflow/dags/wine_quality_mlops_pipeline.py
Traceback (most recent call last):
  File "/home/airflow/.local/lib/python3.8/site-packages/airflow/models/dagbag.py", line 342, in parse
    loader.exec_module(new_module)
  File "<frozen importlib._bootstrap_external>", line 843, in exec_module
  File "<frozen importlib._bootstrap>", line 219, in _call_with_frames_removed
  File "/opt/airflow/dags/wine_quality_mlops_pipeline.py", line 8, in <module>
    from airflow.operators.docker import DockerOperator
ModuleNotFoundError: No module named 'airflow.operators.docker'
[2025-09-24T08:43:10.931+0000] {processor.py:841} WARNING - No viable dags retrieved from /opt/airflow/dags/wine_quality_mlops_pipeline.py
[2025-09-24T08:43:10.942+0000] {processor.py:179} INFO - Processing /opt/airflow/dags/wine_quality_mlops_pipeline.py took 0.018 seconds
[2025-09-24T08:43:41.444+0000] {processor.py:157} INFO - Started process (PID=108) to work on /opt/airflow/dags/wine_quality_mlops_pipeline.py
[2025-09-24T08:43:41.452+0000] {processor.py:829} INFO - Processing file /opt/airflow/dags/wine_quality_mlops_pipeline.py for tasks to queue
[2025-09-24T08:43:41.455+0000] {logging_mixin.py:154} INFO - [2025-09-24T08:43:41.454+0000] {dagbag.py:536} INFO - Filling up the DagBag from /opt/airflow/dags/wine_quality_mlops_pipeline.py
[2025-09-24T08:43:41.464+0000] {logging_mixin.py:154} INFO - [2025-09-24T08:43:41.462+0000] {dagbag.py:346} ERROR - Failed to import: /opt/airflow/dags/wine_quality_mlops_pipeline.py
Traceback (most recent call last):
  File "/home/airflow/.local/lib/python3.8/site-packages/airflow/models/dagbag.py", line 342, in parse
    loader.exec_module(new_module)
  File "<frozen importlib._bootstrap_external>", line 843, in exec_module
  File "<frozen importlib._bootstrap>", line 219, in _call_with_frames_removed
  File "/opt/airflow/dags/wine_quality_mlops_pipeline.py", line 8, in <module>
    from airflow.operators.docker import DockerOperator
ModuleNotFoundError: No module named 'airflow.operators.docker'
[2025-09-24T08:43:41.465+0000] {processor.py:841} WARNING - No viable dags retrieved from /opt/airflow/dags/wine_quality_mlops_pipeline.py
[2025-09-24T08:43:41.490+0000] {processor.py:179} INFO - Processing /opt/airflow/dags/wine_quality_mlops_pipeline.py took 0.053 seconds
[2025-09-24T08:44:11.960+0000] {processor.py:157} INFO - Started process (PID=109) to work on /opt/airflow/dags/wine_quality_mlops_pipeline.py
[2025-09-24T08:44:11.963+0000] {processor.py:829} INFO - Processing file /opt/airflow/dags/wine_quality_mlops_pipeline.py for tasks to queue
[2025-09-24T08:44:11.966+0000] {logging_mixin.py:154} INFO - [2025-09-24T08:44:11.965+0000] {dagbag.py:536} INFO - Filling up the DagBag from /opt/airflow/dags/wine_quality_mlops_pipeline.py
[2025-09-24T08:44:11.978+0000] {logging_mixin.py:154} INFO - [2025-09-24T08:44:11.975+0000] {dagbag.py:346} ERROR - Failed to import: /opt/airflow/dags/wine_quality_mlops_pipeline.py
Traceback (most recent call last):
  File "/home/airflow/.local/lib/python3.8/site-packages/airflow/models/dagbag.py", line 342, in parse
    loader.exec_module(new_module)
  File "<frozen importlib._bootstrap_external>", line 843, in exec_module
  File "<frozen importlib._bootstrap>", line 219, in _call_with_frames_removed
  File "/opt/airflow/dags/wine_quality_mlops_pipeline.py", line 8, in <module>
    from airflow.operators.docker import DockerOperator
ModuleNotFoundError: No module named 'airflow.operators.docker'
[2025-09-24T08:44:11.980+0000] {processor.py:841} WARNING - No viable dags retrieved from /opt/airflow/dags/wine_quality_mlops_pipeline.py
[2025-09-24T08:44:12.031+0000] {processor.py:179} INFO - Processing /opt/airflow/dags/wine_quality_mlops_pipeline.py took 0.080 seconds
[2025-09-24T08:44:42.358+0000] {processor.py:157} INFO - Started process (PID=110) to work on /opt/airflow/dags/wine_quality_mlops_pipeline.py
[2025-09-24T08:44:42.359+0000] {processor.py:829} INFO - Processing file /opt/airflow/dags/wine_quality_mlops_pipeline.py for tasks to queue
[2025-09-24T08:44:42.359+0000] {logging_mixin.py:154} INFO - [2025-09-24T08:44:42.359+0000] {dagbag.py:536} INFO - Filling up the DagBag from /opt/airflow/dags/wine_quality_mlops_pipeline.py
[2025-09-24T08:44:42.362+0000] {logging_mixin.py:154} INFO - [2025-09-24T08:44:42.361+0000] {dagbag.py:346} ERROR - Failed to import: /opt/airflow/dags/wine_quality_mlops_pipeline.py
Traceback (most recent call last):
  File "/home/airflow/.local/lib/python3.8/site-packages/airflow/models/dagbag.py", line 342, in parse
    loader.exec_module(new_module)
  File "<frozen importlib._bootstrap_external>", line 843, in exec_module
  File "<frozen importlib._bootstrap>", line 219, in _call_with_frames_removed
  File "/opt/airflow/dags/wine_quality_mlops_pipeline.py", line 8, in <module>
    from airflow.operators.docker import DockerOperator
ModuleNotFoundError: No module named 'airflow.operators.docker'
[2025-09-24T08:44:42.362+0000] {processor.py:841} WARNING - No viable dags retrieved from /opt/airflow/dags/wine_quality_mlops_pipeline.py
[2025-09-24T08:44:42.375+0000] {processor.py:179} INFO - Processing /opt/airflow/dags/wine_quality_mlops_pipeline.py took 0.019 seconds
[2025-09-24T08:45:12.509+0000] {processor.py:157} INFO - Started process (PID=112) to work on /opt/airflow/dags/wine_quality_mlops_pipeline.py
[2025-09-24T08:45:12.511+0000] {processor.py:829} INFO - Processing file /opt/airflow/dags/wine_quality_mlops_pipeline.py for tasks to queue
[2025-09-24T08:45:12.513+0000] {logging_mixin.py:154} INFO - [2025-09-24T08:45:12.513+0000] {dagbag.py:536} INFO - Filling up the DagBag from /opt/airflow/dags/wine_quality_mlops_pipeline.py
[2025-09-24T08:45:12.521+0000] {logging_mixin.py:154} INFO - [2025-09-24T08:45:12.519+0000] {dagbag.py:346} ERROR - Failed to import: /opt/airflow/dags/wine_quality_mlops_pipeline.py
Traceback (most recent call last):
  File "/home/airflow/.local/lib/python3.8/site-packages/airflow/models/dagbag.py", line 342, in parse
    loader.exec_module(new_module)
  File "<frozen importlib._bootstrap_external>", line 843, in exec_module
  File "<frozen importlib._bootstrap>", line 219, in _call_with_frames_removed
  File "/opt/airflow/dags/wine_quality_mlops_pipeline.py", line 8, in <module>
    from airflow.operators.docker import DockerOperator
ModuleNotFoundError: No module named 'airflow.operators.docker'
[2025-09-24T08:45:12.521+0000] {processor.py:841} WARNING - No viable dags retrieved from /opt/airflow/dags/wine_quality_mlops_pipeline.py
[2025-09-24T08:45:12.536+0000] {processor.py:179} INFO - Processing /opt/airflow/dags/wine_quality_mlops_pipeline.py took 0.036 seconds
[2025-09-24T08:45:50.812+0000] {processor.py:157} INFO - Started process (PID=86) to work on /opt/airflow/dags/wine_quality_mlops_pipeline.py
[2025-09-24T08:45:50.813+0000] {processor.py:829} INFO - Processing file /opt/airflow/dags/wine_quality_mlops_pipeline.py for tasks to queue
[2025-09-24T08:45:50.813+0000] {logging_mixin.py:154} INFO - [2025-09-24T08:45:50.813+0000] {dagbag.py:536} INFO - Filling up the DagBag from /opt/airflow/dags/wine_quality_mlops_pipeline.py
[2025-09-24T08:45:50.815+0000] {logging_mixin.py:154} INFO - [2025-09-24T08:45:50.814+0000] {dagbag.py:346} ERROR - Failed to import: /opt/airflow/dags/wine_quality_mlops_pipeline.py
Traceback (most recent call last):
  File "/home/airflow/.local/lib/python3.8/site-packages/airflow/models/dagbag.py", line 342, in parse
    loader.exec_module(new_module)
  File "<frozen importlib._bootstrap_external>", line 843, in exec_module
  File "<frozen importlib._bootstrap>", line 219, in _call_with_frames_removed
  File "/opt/airflow/dags/wine_quality_mlops_pipeline.py", line 8, in <module>
    from airflow.operators.docker import DockerOperator
ModuleNotFoundError: No module named 'airflow.operators.docker'
[2025-09-24T08:45:50.815+0000] {processor.py:841} WARNING - No viable dags retrieved from /opt/airflow/dags/wine_quality_mlops_pipeline.py
[2025-09-24T08:45:50.829+0000] {processor.py:179} INFO - Processing /opt/airflow/dags/wine_quality_mlops_pipeline.py took 0.018 seconds
[2025-09-24T08:46:21.438+0000] {processor.py:157} INFO - Started process (PID=105) to work on /opt/airflow/dags/wine_quality_mlops_pipeline.py
[2025-09-24T08:46:21.440+0000] {processor.py:829} INFO - Processing file /opt/airflow/dags/wine_quality_mlops_pipeline.py for tasks to queue
[2025-09-24T08:46:21.441+0000] {logging_mixin.py:154} INFO - [2025-09-24T08:46:21.441+0000] {dagbag.py:536} INFO - Filling up the DagBag from /opt/airflow/dags/wine_quality_mlops_pipeline.py
[2025-09-24T08:46:21.446+0000] {logging_mixin.py:154} INFO - [2025-09-24T08:46:21.445+0000] {dagbag.py:346} ERROR - Failed to import: /opt/airflow/dags/wine_quality_mlops_pipeline.py
Traceback (most recent call last):
  File "/home/airflow/.local/lib/python3.8/site-packages/airflow/models/dagbag.py", line 342, in parse
    loader.exec_module(new_module)
  File "<frozen importlib._bootstrap_external>", line 843, in exec_module
  File "<frozen importlib._bootstrap>", line 219, in _call_with_frames_removed
  File "/opt/airflow/dags/wine_quality_mlops_pipeline.py", line 8, in <module>
    from airflow.operators.docker import DockerOperator
ModuleNotFoundError: No module named 'airflow.operators.docker'
[2025-09-24T08:46:21.446+0000] {processor.py:841} WARNING - No viable dags retrieved from /opt/airflow/dags/wine_quality_mlops_pipeline.py
[2025-09-24T08:46:21.463+0000] {processor.py:179} INFO - Processing /opt/airflow/dags/wine_quality_mlops_pipeline.py took 0.031 seconds
[2025-09-24T08:46:52.004+0000] {processor.py:157} INFO - Started process (PID=107) to work on /opt/airflow/dags/wine_quality_mlops_pipeline.py
[2025-09-24T08:46:52.008+0000] {processor.py:829} INFO - Processing file /opt/airflow/dags/wine_quality_mlops_pipeline.py for tasks to queue
[2025-09-24T08:46:52.009+0000] {logging_mixin.py:154} INFO - [2025-09-24T08:46:52.008+0000] {dagbag.py:536} INFO - Filling up the DagBag from /opt/airflow/dags/wine_quality_mlops_pipeline.py
[2025-09-24T08:46:52.012+0000] {logging_mixin.py:154} INFO - [2025-09-24T08:46:52.011+0000] {dagbag.py:346} ERROR - Failed to import: /opt/airflow/dags/wine_quality_mlops_pipeline.py
Traceback (most recent call last):
  File "/home/airflow/.local/lib/python3.8/site-packages/airflow/models/dagbag.py", line 342, in parse
    loader.exec_module(new_module)
  File "<frozen importlib._bootstrap_external>", line 843, in exec_module
  File "<frozen importlib._bootstrap>", line 219, in _call_with_frames_removed
  File "/opt/airflow/dags/wine_quality_mlops_pipeline.py", line 8, in <module>
    from airflow.operators.docker import DockerOperator
ModuleNotFoundError: No module named 'airflow.operators.docker'
[2025-09-24T08:46:52.012+0000] {processor.py:841} WARNING - No viable dags retrieved from /opt/airflow/dags/wine_quality_mlops_pipeline.py
[2025-09-24T08:46:52.024+0000] {processor.py:179} INFO - Processing /opt/airflow/dags/wine_quality_mlops_pipeline.py took 0.023 seconds
[2025-09-24T08:47:22.129+0000] {processor.py:157} INFO - Started process (PID=108) to work on /opt/airflow/dags/wine_quality_mlops_pipeline.py
[2025-09-24T08:47:22.130+0000] {processor.py:829} INFO - Processing file /opt/airflow/dags/wine_quality_mlops_pipeline.py for tasks to queue
[2025-09-24T08:47:22.130+0000] {logging_mixin.py:154} INFO - [2025-09-24T08:47:22.130+0000] {dagbag.py:536} INFO - Filling up the DagBag from /opt/airflow/dags/wine_quality_mlops_pipeline.py
[2025-09-24T08:47:22.133+0000] {logging_mixin.py:154} INFO - [2025-09-24T08:47:22.132+0000] {dagbag.py:346} ERROR - Failed to import: /opt/airflow/dags/wine_quality_mlops_pipeline.py
Traceback (most recent call last):
  File "/home/airflow/.local/lib/python3.8/site-packages/airflow/models/dagbag.py", line 342, in parse
    loader.exec_module(new_module)
  File "<frozen importlib._bootstrap_external>", line 843, in exec_module
  File "<frozen importlib._bootstrap>", line 219, in _call_with_frames_removed
  File "/opt/airflow/dags/wine_quality_mlops_pipeline.py", line 8, in <module>
    from airflow.operators.docker import DockerOperator
ModuleNotFoundError: No module named 'airflow.operators.docker'
[2025-09-24T08:47:22.133+0000] {processor.py:841} WARNING - No viable dags retrieved from /opt/airflow/dags/wine_quality_mlops_pipeline.py
[2025-09-24T08:47:22.148+0000] {processor.py:179} INFO - Processing /opt/airflow/dags/wine_quality_mlops_pipeline.py took 0.021 seconds
[2025-09-24T08:47:52.266+0000] {processor.py:157} INFO - Started process (PID=109) to work on /opt/airflow/dags/wine_quality_mlops_pipeline.py
[2025-09-24T08:47:52.268+0000] {processor.py:829} INFO - Processing file /opt/airflow/dags/wine_quality_mlops_pipeline.py for tasks to queue
[2025-09-24T08:47:52.268+0000] {logging_mixin.py:154} INFO - [2025-09-24T08:47:52.268+0000] {dagbag.py:536} INFO - Filling up the DagBag from /opt/airflow/dags/wine_quality_mlops_pipeline.py
[2025-09-24T08:47:52.270+0000] {logging_mixin.py:154} INFO - [2025-09-24T08:47:52.270+0000] {dagbag.py:346} ERROR - Failed to import: /opt/airflow/dags/wine_quality_mlops_pipeline.py
Traceback (most recent call last):
  File "/home/airflow/.local/lib/python3.8/site-packages/airflow/models/dagbag.py", line 342, in parse
    loader.exec_module(new_module)
  File "<frozen importlib._bootstrap_external>", line 843, in exec_module
  File "<frozen importlib._bootstrap>", line 219, in _call_with_frames_removed
  File "/opt/airflow/dags/wine_quality_mlops_pipeline.py", line 8, in <module>
    from airflow.operators.docker import DockerOperator
ModuleNotFoundError: No module named 'airflow.operators.docker'
[2025-09-24T08:47:52.271+0000] {processor.py:841} WARNING - No viable dags retrieved from /opt/airflow/dags/wine_quality_mlops_pipeline.py
[2025-09-24T08:47:52.284+0000] {processor.py:179} INFO - Processing /opt/airflow/dags/wine_quality_mlops_pipeline.py took 0.019 seconds
[2025-09-24T08:48:22.404+0000] {processor.py:157} INFO - Started process (PID=110) to work on /opt/airflow/dags/wine_quality_mlops_pipeline.py
[2025-09-24T08:48:22.405+0000] {processor.py:829} INFO - Processing file /opt/airflow/dags/wine_quality_mlops_pipeline.py for tasks to queue
[2025-09-24T08:48:22.407+0000] {logging_mixin.py:154} INFO - [2025-09-24T08:48:22.406+0000] {dagbag.py:536} INFO - Filling up the DagBag from /opt/airflow/dags/wine_quality_mlops_pipeline.py
[2025-09-24T08:48:22.415+0000] {logging_mixin.py:154} INFO - [2025-09-24T08:48:22.413+0000] {dagbag.py:346} ERROR - Failed to import: /opt/airflow/dags/wine_quality_mlops_pipeline.py
Traceback (most recent call last):
  File "/home/airflow/.local/lib/python3.8/site-packages/airflow/models/dagbag.py", line 342, in parse
    loader.exec_module(new_module)
  File "<frozen importlib._bootstrap_external>", line 843, in exec_module
  File "<frozen importlib._bootstrap>", line 219, in _call_with_frames_removed
  File "/opt/airflow/dags/wine_quality_mlops_pipeline.py", line 8, in <module>
    from airflow.operators.docker import DockerOperator
ModuleNotFoundError: No module named 'airflow.operators.docker'
[2025-09-24T08:48:22.415+0000] {processor.py:841} WARNING - No viable dags retrieved from /opt/airflow/dags/wine_quality_mlops_pipeline.py
[2025-09-24T08:48:22.430+0000] {processor.py:179} INFO - Processing /opt/airflow/dags/wine_quality_mlops_pipeline.py took 0.030 seconds
[2025-09-24T08:48:52.538+0000] {processor.py:157} INFO - Started process (PID=111) to work on /opt/airflow/dags/wine_quality_mlops_pipeline.py
[2025-09-24T08:48:52.539+0000] {processor.py:829} INFO - Processing file /opt/airflow/dags/wine_quality_mlops_pipeline.py for tasks to queue
[2025-09-24T08:48:52.540+0000] {logging_mixin.py:154} INFO - [2025-09-24T08:48:52.540+0000] {dagbag.py:536} INFO - Filling up the DagBag from /opt/airflow/dags/wine_quality_mlops_pipeline.py
[2025-09-24T08:48:52.542+0000] {logging_mixin.py:154} INFO - [2025-09-24T08:48:52.542+0000] {dagbag.py:346} ERROR - Failed to import: /opt/airflow/dags/wine_quality_mlops_pipeline.py
Traceback (most recent call last):
  File "/home/airflow/.local/lib/python3.8/site-packages/airflow/models/dagbag.py", line 342, in parse
    loader.exec_module(new_module)
  File "<frozen importlib._bootstrap_external>", line 843, in exec_module
  File "<frozen importlib._bootstrap>", line 219, in _call_with_frames_removed
  File "/opt/airflow/dags/wine_quality_mlops_pipeline.py", line 8, in <module>
    from airflow.operators.docker import DockerOperator
ModuleNotFoundError: No module named 'airflow.operators.docker'
[2025-09-24T08:48:52.542+0000] {processor.py:841} WARNING - No viable dags retrieved from /opt/airflow/dags/wine_quality_mlops_pipeline.py
[2025-09-24T08:48:52.555+0000] {processor.py:179} INFO - Processing /opt/airflow/dags/wine_quality_mlops_pipeline.py took 0.020 seconds
[2025-09-24T08:49:22.708+0000] {processor.py:157} INFO - Started process (PID=112) to work on /opt/airflow/dags/wine_quality_mlops_pipeline.py
[2025-09-24T08:49:22.709+0000] {processor.py:829} INFO - Processing file /opt/airflow/dags/wine_quality_mlops_pipeline.py for tasks to queue
[2025-09-24T08:49:22.710+0000] {logging_mixin.py:154} INFO - [2025-09-24T08:49:22.710+0000] {dagbag.py:536} INFO - Filling up the DagBag from /opt/airflow/dags/wine_quality_mlops_pipeline.py
[2025-09-24T08:49:22.716+0000] {logging_mixin.py:154} INFO - [2025-09-24T08:49:22.714+0000] {dagbag.py:346} ERROR - Failed to import: /opt/airflow/dags/wine_quality_mlops_pipeline.py
Traceback (most recent call last):
  File "/home/airflow/.local/lib/python3.8/site-packages/airflow/models/dagbag.py", line 342, in parse
    loader.exec_module(new_module)
  File "<frozen importlib._bootstrap_external>", line 843, in exec_module
  File "<frozen importlib._bootstrap>", line 219, in _call_with_frames_removed
  File "/opt/airflow/dags/wine_quality_mlops_pipeline.py", line 8, in <module>
    from airflow.operators.docker import DockerOperator
ModuleNotFoundError: No module named 'airflow.operators.docker'
[2025-09-24T08:49:22.716+0000] {processor.py:841} WARNING - No viable dags retrieved from /opt/airflow/dags/wine_quality_mlops_pipeline.py
[2025-09-24T08:49:22.730+0000] {processor.py:179} INFO - Processing /opt/airflow/dags/wine_quality_mlops_pipeline.py took 0.027 seconds
[2025-09-24T08:49:52.867+0000] {processor.py:157} INFO - Started process (PID=113) to work on /opt/airflow/dags/wine_quality_mlops_pipeline.py
[2025-09-24T08:49:52.872+0000] {processor.py:829} INFO - Processing file /opt/airflow/dags/wine_quality_mlops_pipeline.py for tasks to queue
[2025-09-24T08:49:52.874+0000] {logging_mixin.py:154} INFO - [2025-09-24T08:49:52.873+0000] {dagbag.py:536} INFO - Filling up the DagBag from /opt/airflow/dags/wine_quality_mlops_pipeline.py
[2025-09-24T08:49:52.881+0000] {logging_mixin.py:154} INFO - [2025-09-24T08:49:52.879+0000] {dagbag.py:346} ERROR - Failed to import: /opt/airflow/dags/wine_quality_mlops_pipeline.py
Traceback (most recent call last):
  File "/home/airflow/.local/lib/python3.8/site-packages/airflow/models/dagbag.py", line 342, in parse
    loader.exec_module(new_module)
  File "<frozen importlib._bootstrap_external>", line 843, in exec_module
  File "<frozen importlib._bootstrap>", line 219, in _call_with_frames_removed
  File "/opt/airflow/dags/wine_quality_mlops_pipeline.py", line 8, in <module>
    from airflow.operators.docker import DockerOperator
ModuleNotFoundError: No module named 'airflow.operators.docker'
[2025-09-24T08:49:52.881+0000] {processor.py:841} WARNING - No viable dags retrieved from /opt/airflow/dags/wine_quality_mlops_pipeline.py
[2025-09-24T08:49:52.896+0000] {processor.py:179} INFO - Processing /opt/airflow/dags/wine_quality_mlops_pipeline.py took 0.034 seconds
